added airport abs (+1 options)
added airport aby (+1 options)
added airport agh (+1 options)
added airport ajr (+1 options)
added airport amv (+1 options)
added airport ane (+1 options)
added airport ang (+1 options)
added airport aor (+1 options)
added airport aqa (+1 options)
added airport aru (+1 options)
added airport atk (+1 options)
added airport avn (+1 options)
added airport azs (+1 options)
added airport bdj (+1 options)
added airport bfv (+1 options)
added airport bgw (+1 options)
added airport bhk (+1 options)
added airport bji (+1 options)
added airport bjn (+1 options)
added airport bkd (+1 options)
added airport bkg (+1 options)
added airport bkl (+1 options)
added airport bld (+1 options)
added airport blr (+1 options)
added airport bml (+1 options)
added airport bpn (+1 options)
added airport bqs (+1 options)
added airport bsg (+1 options)
added airport bsr (+1 options)
added airport bth (+1 options)
added airport bus (+1 options)
added airport bvc (+1 options)
added airport bxk (+1 options)
added airport cac (+1 options)
added airport caj (+1 options)
added airport ccj (+1 options)
added airport ccm (+1 options)
added airport cei (+1 options)
added airport cfb (+1 options)
added airport ciw (+1 options)
added airport cjc (+1 options)
added airport ckh (+1 options)
added airport cmx (+1 options)
added airport cni (+1 options)
added airport cnw (+1 options)
added airport cod (+1 options)
added airport cok (+1 options)
added airport cso (+1 options)
added airport csy (+1 options)
added airport ctj (+1 options)
added airport cty (+1 options)
added airport cxj (+1 options)
added airport dgw (+1 options)
added airport dol (+1 options)
added airport dps (+1 options)
added airport dsa (+1 options)
added airport dwc (+1 options)
added airport dzn (+1 options)
added airport ebl (+1 options)
added airport ego (+1 options)
added airport eps (+1 options)
added airport esc (+1 options)
added airport evn (+1 options)
added airport fmm (+1 options)
added airport fod (+1 options)
added airport fog (+1 options)
added airport fsz (+1 options)
added airport gai (+1 options)
added airport gcc (+1 options)
added airport gcj (+1 options)
added airport gdt (+1 options)
added airport gel (+1 options)
added airport get (+1 options)
added airport ghg (+1 options)
added airport gmz (+1 options)
added airport gov (+1 options)
added airport gpb (+1 options)
added airport gur (+1 options)
added airport guw (+1 options)
added airport hak (+1 options)
added airport hcr (+1 options)
added airport hgu (+1 options)
added airport hid (+1 options)
added airport hlp (+1 options)
added airport hmv (+1 options)
added airport hsk (+1 options)
added airport htg (+1 options)
added airport hti (+1 options)
added airport hua (+1 options)
added airport huf (+1 options)
added airport iaa (+1 options)
added airport ifj (+1 options)
added airport igg (+1 options)
added airport ild (+1 options)
added airport ioa (+1 options)
added airport iph (+1 options)
added airport isu (+1 options)
added airport iwa (+1 options)
added airport jad (+1 options)
added airport jbq (+1 options)
added airport jct (+1 options)
added airport jhs (+1 options)
added airport joi (+1 options)
added airport jqa (+1 options)
added airport jsu (+1 options)
added airport juv (+1 options)
added airport kbv (+1 options)
added airport kdh (+1 options)
added airport kfp (+1 options)
added airport kgk (+1 options)
added airport kgp (+1 options)
added airport kja (+1 options)
added airport klg (+1 options)
added airport kmo (+1 options)
added airport knw (+1 options)
added airport koe (+1 options)
added airport kop (+1 options)
added airport krw (+1 options)
added airport ksz (+1 options)
added airport kut (+1 options)
added airport kvc (+1 options)
added airport lae (+1 options)
added airport lbd (+1 options)
added airport lcj (+1 options)
added airport ldk (+1 options)
added airport lop (+1 options)
added airport lrd (+1 options)
added airport lsq (+1 options)
added airport lwn (+1 options)
added airport mcx (+1 options)
added airport mdl (+1 options)
added airport mdw (+1 options)
added airport mgc (+1 options)
added airport mii (+1 options)
added airport mji (+1 options)
added airport mll (+1 options)
added airport mni (+1 options)
added airport mou (+1 options)
added airport mpw (+1 options)
added airport mqf (+1 options)
added airport mqp (+1 options)
added airport mqs (+1 options)
added airport mrf (+1 options)
added airport mvq (+1 options)
added airport mwx (+1 options)
added airport myp (+1 options)
added airport mzl (+1 options)
added airport naj (+1 options)
added airport naq (+1 options)
added airport naw (+1 options)
added airport nbw (+1 options)
added airport ncy (+1 options)
added airport ngb (+1 options)
added airport nib (+1 options)
added airport nkx (+1 options)
added airport nlg (+1 options)
added airport nsk (+1 options)
added airport nst (+1 options)
added airport ntl (+1 options)
added airport ntq (+1 options)
added airport nty (+1 options)
added airport nux (+1 options)
added airport nvi (+1 options)
added airport nvt (+1 options)
added airport nym (+1 options)
added airport nza (+1 options)
added airport obn (+1 options)
added airport ook (+1 options)
added airport org (+1 options)
added airport orv (+1 options)
added airport osd (+1 options)
added airport oss (+1 options)
added airport osw (+1 options)
added airport ovb (+1 options)
added airport oza (+1 options)
added airport pao (+1 options)
added airport pbh (+1 options)
added airport ped (+1 options)
added airport pes (+1 options)
added airport pga (+1 options)
added airport pgu (+1 options)
added airport phs (+1 options)
added airport pie (+1 options)
added airport pip (+1 options)
added airport pkv (+1 options)
added airport pmw (+1 options)
added airport pnt (+1 options)
added airport ppk (+1 options)
added airport pqi (+1 options)
added airport prv (+1 options)
added airport pwq (+1 options)
added airport pze (+1 options)
added airport qgy (+1 options)
added airport rai (+1 options)
added airport rby (+1 options)
added airport riw (+1 options)
added airport riy (+1 options)
added airport rmf (+1 options)
added airport rmg (+1 options)
added airport roi (+1 options)
added airport rsh (+1 options)
added airport rue (+1 options)
added airport sbo (+1 options)
added airport scm (+1 options)
added airport shg (+1 options)
added airport sig (+1 options)
added airport sjc (+1 options)
added airport sjw (+1 options)
added airport skk (+1 options)
added airport skt (+1 options)
added airport sku (+1 options)
added airport skv (+1 options)
added airport slo (+1 options)
added airport sly (+1 options)
added airport smk (+1 options)
added airport smv (+1 options)
added airport sno (+1 options)
added airport snu (+1 options)
added airport sny (+1 options)
added airport sob (+1 options)
added airport sqo (+1 options)
added airport sry (+1 options)
added airport stk (+1 options)
added airport sub (+1 options)
added airport sus (+1 options)
added airport taz (+1 options)
added airport tbs (+1 options)
added airport tca (+1 options)
added airport tdx (+1 options)
added airport tef (+1 options)
added airport tgg (+1 options)
added airport ths (+1 options)
added airport tjm (+1 options)
added airport tro (+1 options)
added airport ukb (+1 options)
added airport ukk (+1 options)
added airport ulh (+1 options)
added airport ulv (+1 options)
added airport und (+1 options)
added airport urs (+1 options)
added airport usm (+1 options)
added airport vai (+1 options)
added airport vak (+1 options)
added airport vav (+1 options)
added airport vil (+1 options)
added airport vkt (+1 options)
added airport vsg (+1 options)
added airport vts (+1 options)
added airport wmo (+1 options)
added airport wwr (+1 options)
added airport wya (+1 options)
added airport xfl (+1 options)
added airport xsp (+1 options)
added airport xtl (+1 options)
added airport yny (+1 options)
added airport yoo (+1 options)
added airport yra (+1 options)
added airport ysp (+1 options)
added airport zmt (+1 options)
added airport zos (+1 options)
changed station cyab (+2 options)
changed station cybq (+2 options)
changed station daef (+2 options)
changed station daen (+2 options)
changed station egno (+2 options)
changed station ehak (+2 options)
changed station ehdv (+2 options)
changed station ehfd (+2 options)
changed station ehfz (+2 options)
changed station ehja (+2 options)
changed station ehjr (+2 options)
changed station ehkv (+2 options)
changed station ehma (+2 options)
changed station ehmg (+2 options)
changed station ehpg (+2 options)
changed station ehqe (+2 options)
changed station ehsa (+2 options)
changed station ehsc (+2 options)
changed station fdjr (+2 options)
changed station fdmy (+2 options)
changed station fdnd (+2 options)
changed station fdny (+2 options)
changed station fdot (+2 options)
changed station fdpp (+2 options)
changed station fdvv (+2 options)
changed station fyab (+2 options)
changed station fyan (+2 options)
changed station fybg (+2 options)
changed station fybp (+2 options)
changed station fyen (+2 options)
changed station fyhd (+2 options)
changed station fykb (+2 options)
changed station fymh (+2 options)
changed station fymp (+2 options)
changed station fynd (+2 options)
changed station fyoh (+2 options)
changed station fyom (+2 options)
changed station fyos (+2 options)
changed station fyot (+2 options)
changed station fyoy (+2 options)
changed station fyrh (+2 options)
changed station fyrn (+2 options)
changed station fytm (+2 options)
changed station gmae (+2 options)
changed station gmmo (+2 options)
changed station gmto (+2 options)
changed station gqno (+2 options)
changed station gqon (+2 options)
changed station gqqp (+2 options)
changed station hkms (+2 options)
changed station hknh (+2 options)
changed station huak (+2 options)
changed station huka (+2 options)
changed station huwn (+2 options)
changed station k05u (+2 options)
changed station k19a (+2 options)
changed station k2i0 (+2 options)
changed station k3r7 (+2 options)
changed station k5w8 (+2 options)
changed station k6a2 (+2 options)
changed station kajz (+2 options)
changed station kbgf (+2 options)
changed station kcni (+2 options)
changed station kd25 (+2 options)
changed station kd95 (+2 options)
changed station kded (+2 options)
changed station ke11 (+2 options)
changed station ke16 (+2 options)
changed station kedj (+2 options)
changed station kfot (+2 options)
changed station kfwz (+2 options)
changed station kfyg (+2 options)
changed station kggp (+2 options)
changed station kgic (+2 options)
changed station kgoo (+2 options)
changed station kgxa (+2 options)
changed station khhw (+2 options)
changed station khzr (+2 options)
changed station ki35 (+2 options)
changed station kinf (+2 options)
changed station kiob (+2 options)
changed station kiya (+2 options)
changed station kjpd (+2 options)
changed station kjvw (+2 options)
changed station kk22 (+2 options)
changed station klsb (+2 options)
changed station klua (+2 options)
changed station km40 (+2 options)
changed station km63 (+2 options)
changed station kmgc (+2 options)
changed station ko86 (+2 options)
changed station kqbu (+2 options)
changed station kqea (+2 options)
changed station kqeb (+2 options)
changed station kqei (+2 options)
changed station kqej (+2 options)
changed station kqel (+2 options)
changed station kqen (+2 options)
changed station kqep (+2 options)
changed station kqeq (+2 options)
changed station kqer (+2 options)
changed station kqes (+2 options)
changed station kqev (+2 options)
changed station kqew (+2 options)
changed station kqex (+2 options)
changed station kqey (+2 options)
changed station kqfb (+2 options)
changed station kqft (+2 options)
changed station kqfu (+2 options)
changed station kqfv (+2 options)
changed station kqfw (+2 options)
changed station kqfx (+2 options)
changed station kqka (+2 options)
changed station kqms (+2 options)
changed station kqsn (+2 options)
changed station kqth (+2 options)
changed station kqts (+2 options)
changed station kqvp (+2 options)
changed station kqz4 (+2 options)
changed station krts (+2 options)
changed station ksrb (+2 options)
changed station ksyf (+2 options)
changed station kt35 (+2 options)
changed station ktbx (+2 options)
changed station ktdr (+2 options)
changed station ktha (+2 options)
changed station ktoc (+2 options)
changed station lebt (+2 options)
changed station leec (+2 options)
changed station lszl (+2 options)
changed station lubm (+2 options)
changed station mdab (+2 options)
changed station mgmm (+2 options)
changed station mgmt (+2 options)
changed station mgpc (+2 options)
changed station mgtu (+2 options)
changed station mhcl (+2 options)
changed station mlrm (+2 options)
changed station mppa (+2 options)
changed station nmmg (+2 options)
changed station oihs (+2 options)
changed station oimq (+2 options)
changed station oine (+2 options)
changed station omam (+2 options)
changed station omdl (+2 options)
changed station omdm (+2 options)
changed station omlw (+2 options)
changed station ommz (+2 options)
changed station omsn (+2 options)
changed station omth (+2 options)
changed station opfa (+2 options)
changed station ormb (+2 options)
changed station orn1 (+2 options)
changed station orni (+2 options)
changed station oysd (+2 options)
changed station pawm (+2 options)
changed station prni (+2 options)
changed station scir (+2 options)
changed station sgaj (+2 options)
changed station sgbn (+2 options)
changed station sggr (+2 options)
changed station sglv (+2 options)
changed station sgpc (+2 options)
changed station sgpg (+2 options)
changed station sgpi (+2 options)
changed station sgpj (+2 options)
changed station sgsj (+2 options)
changed station sgsp (+2 options)
changed station sgvr (+2 options)
changed station slbj (+2 options)
changed station slsr (+2 options)
changed station slti (+2 options)
changed station spwt (+2 options)
changed station svs0 (+2 options)
changed station tcna (+2 options)
changed station tnnc (+2 options)
changed station tpdp (+2 options)
changed station tvsc (+2 options)
changed station ubbq (+2 options)
changed station ugms (+2 options)
changed station urmo (+2 options)
changed station utfa (+2 options)
changed station utff (+2 options)
changed station uudl (+2 options)
changed station vapr (+2 options)
changed station vqpr (+2 options)
changed station wadl (+2 options)
changed station yrmd (+2 options)
changed station zswz (+2 options)
changed zone akz017 (+1 options)
changed zone akz018 (+1 options)
changed zone akz019 (+1 options)
changed zone akz020 (+1 options)
changed zone akz021 (+1 options)
changed zone akz022 (+1 options)
changed zone akz023 (+1 options)
changed zone akz152 (+23 options)
changed zone akz227 (+23 options)
changed zone asz001 (+23 options)
changed zone asz002 (+23 options)
changed zone asz003 (+24 options)
changed zone azz501 (+23 options)
changed zone azz502 (+23 options)
changed zone azz503 (+23 options)
changed zone azz504 (+23 options)
changed zone azz505 (+23 options)
changed zone azz506 (+23 options)
changed zone azz507 (+23 options)
changed zone azz508 (+23 options)
changed zone azz509 (+23 options)
changed zone azz510 (+23 options)
changed zone azz511 (+23 options)
changed zone azz512 (+23 options)
changed zone azz513 (+23 options)
changed zone azz514 (+23 options)
changed zone azz515 (+23 options)
changed zone caz093 (+1 options)
changed zone caz519 (+23 options)
changed zone caz520 (+23 options)
changed zone caz521 (+23 options)
changed zone caz522 (+23 options)
changed zone caz523 (+23 options)
changed zone caz524 (+24 options)
changed zone caz525 (+23 options)
changed zone caz526 (+23 options)
changed zone caz527 (+23 options)
changed zone caz528 (+23 options)
changed zone caz529 (+23 options)
changed zone caz530 (+23 options)
changed zone caz547 (+23 options)
changed zone caz548 (+23 options)
changed zone flz051 (+1 options)
changed zone flz108 (+23 options)
changed zone flz112 (+23 options)
changed zone flz114 (+23 options)
changed zone flz115 (+23 options)
changed zone flz118 (+23 options)
changed zone flz127 (+23 options)
changed zone flz128 (+23 options)
changed zone flz134 (+23 options)
changed zone flz168 (+23 options)
changed zone flz172 (+23 options)
changed zone flz173 (+23 options)
changed zone flz174 (+23 options)
changed zone gaz047 (!1 options)
changed zone idz001 (!1 options)
changed zone idz033 (+23 options)
changed zone laz069 (+1 options)
changed zone laz071 (+23 options)
changed zone laz072 (+23 options)
changed zone laz073 (+23/!1 options)
changed zone laz074 (+23/!1 options)
changed zone mdz501 (+23 options)
changed zone mdz502 (+23 options)
changed zone mtz001 (!1 options)
changed zone ncz105 (+23 options)
changed zone ncz106 (+23 options)
changed zone ncz107 (+23 options)
changed zone ncz108 (+23 options)
changed zone ncz109 (+23 options)
changed zone ncz110 (+23 options)
changed zone ncz501 (+23 options)
changed zone ncz502 (+23 options)
changed zone ncz503 (+23 options)
changed zone ncz504 (+23 options)
changed zone ncz505 (+23 options)
changed zone ncz506 (+23 options)
changed zone ncz507 (+23 options)
changed zone ncz508 (+23 options)
changed zone ncz509 (+23 options)
changed zone ncz510 (+23 options)
changed zone nez095 (+23 options)
changed zone nez096 (+23 options)
changed zone nhz004 (!1 options)
changed zone njz103 (+23 options)
changed zone njz104 (+23 options)
changed zone njz105 (+23 options)
changed zone njz106 (+23 options)
changed zone njz107 (+23 options)
changed zone njz108 (+23 options)
changed zone nmz401 (+24 options)
changed zone nmz402 (+24 options)
changed zone nmz403 (+24 options)
changed zone nmz404 (+24 options)
changed zone nmz405 (+24 options)
changed zone nmz406 (+24 options)
changed zone nmz407 (+24 options)
changed zone nmz408 (+24 options)
changed zone nmz409 (+24 options)
changed zone nmz410 (+24 options)
changed zone nmz411 (+24 options)
changed zone nmz412 (+24 options)
changed zone nmz413 (+24 options)
changed zone nmz414 (+24 options)
changed zone nmz415 (+24 options)
changed zone nmz416 (+24 options)
changed zone nmz417 (+24 options)
changed zone nmz501 (+23 options)
changed zone nmz502 (+23 options)
changed zone nmz503 (+23 options)
changed zone nmz504 (+23 options)
changed zone nmz505 (+23 options)
changed zone nmz506 (+23 options)
changed zone nmz507 (+23 options)
changed zone nmz508 (+23 options)
changed zone nmz509 (+23 options)
changed zone nmz510 (+23 options)
changed zone nmz511 (+23 options)
changed zone nmz512 (+23 options)
changed zone nmz513 (+23 options)
changed zone nmz514 (+23 options)
changed zone nmz515 (+23 options)
changed zone nmz516 (+23 options)
changed zone nmz517 (+23 options)
changed zone nmz518 (+23 options)
changed zone nmz519 (+23 options)
changed zone nmz520 (+23 options)
changed zone nmz521 (+23 options)
changed zone nmz522 (+23 options)
changed zone nmz523 (+23 options)
changed zone nmz524 (+23 options)
changed zone nmz525 (+23 options)
changed zone nmz526 (+23 options)
changed zone nmz527 (+23 options)
changed zone nmz528 (+23 options)
changed zone nmz529 (+23 options)
changed zone nmz530 (+23 options)
changed zone nmz531 (+23 options)
changed zone nmz532 (+23 options)
changed zone nmz533 (+23 options)
changed zone nmz534 (+23 options)
changed zone nmz535 (+23 options)
changed zone nmz536 (+23 options)
changed zone nmz537 (+23 options)
changed zone nmz538 (+23 options)
changed zone nmz539 (+23 options)
changed zone nmz540 (+23 options)
changed zone nvz038 (+23 options)
changed zone nvz039 (+23/!1 options)
changed zone nvz040 (+23 options)
changed zone nvz041 (+23 options)
changed zone nyz176 (+23 options)
changed zone nyz177 (+23 options)
changed zone nyz178 (+23 options)
changed zone nyz179 (+23 options)
changed zone orz014 (+23 options)
changed zone orz507 (+23 options)
changed zone orz508 (+23 options)
changed zone orz509 (+23 options)
changed zone paz073 (+23 options)
changed zone paz074 (+23 options)
changed zone paz075 (+23 options)
changed zone paz076 (+23 options)
changed zone scz047 (!1 options)
changed zone scz052 (+23 options)
changed zone scz053 (+23 options)
changed zone scz054 (+23 options)
changed zone scz055 (+23 options)
changed zone scz056 (+23 options)
changed zone txz246 (+1 options)
changed zone txz259 (+23 options)
changed zone txz260 (+23 options)
changed zone txz261 (+23 options)
changed zone txz262 (+23 options)
changed zone txz418 (+24 options)
changed zone txz419 (+24 options)
changed zone txz420 (+24 options)
changed zone txz421 (+24 options)
changed zone txz422 (+24 options)
changed zone txz423 (+24 options)
changed zone txz424 (+24 options)
changed zone utz517 (+23 options)
changed zone utz518 (+23 options)
changed zone vaz501 (+23 options)
changed zone vaz502 (+23 options)
changed zone vaz503 (+23 options)
changed zone vaz504 (+23 options)
changed zone vtz004 (+1 options)
changed zone waz503 (+23 options)
changed zone waz504 (+23 options)
changed zone waz505 (+23 options)
changed zone waz506 (+23 options)
changed zone waz507 (+23 options)
changed zone waz508 (+23 options)
changed zone waz509 (+23 options)
changed zone waz510 (+23 options)
changed zone waz511 (+23 options)
changed zone waz512 (+23 options)
changed zone waz513 (+23 options)
changed zone waz514 (+23 options)
changed zone waz515 (+23 options)
changed zone waz516 (+23 options)
changed zone waz517 (+23 options)
changed zone waz518 (+23 options)
changed zone waz519 (+23 options)
changed zone waz520 (+23 options)
changed zone waz521 (+23 options)
changed zone wvz501 (+23 options)
changed zone wvz502 (+23 options)
changed zone wvz503 (+23 options)
changed zone wvz504 (+23 options)
changed zone wvz505 (+23 options)
changed zone wvz506 (+23 options)
changed zone wyz001 (!1 options)
changed zone wyz101 (+23 options)
changed zone wyz102 (+23 options)
changed zone wyz103 (+23 options)
changed zone wyz104 (+23 options)
changed zone wyz105 (+23 options)
changed zone wyz106 (+23 options)
changed zone wyz107 (+23 options)
changed zone wyz108 (+23 options)
changed zone wyz109 (+23 options)
changed zone wyz110 (+23 options)
changed zone wyz111 (+23 options)
changed zone wyz112 (+23 options)
changed zone wyz113 (+23 options)
changed zone wyz114 (+23 options)
changed zone wyz115 (+23 options)
changed zone wyz116 (+23 options)
changed zone wyz117 (+23 options)
changed zone wyz118 (+23 options)
changed zone wyz119 (+23 options)
