# Copyright (c) 2023 Jeremy Stanley <fungi@yuggoth.org>. Permission to
# use, copy, modify, and distribute this software is granted under terms
# provided in the LICENSE file distributed with this software.

caz053: no centroid
caz054: no centroid
caz059: no centroid
caz359: no centroid
caz363: no centroid
caz364: no centroid
caz365: no centroid
caz547: no centroid
laz041: no centroid
laz042: no centroid
laz043: no centroid
laz052: no centroid
laz053: no centroid
laz054: no centroid
msz080: no centroid
msz081: no centroid
msz082: no centroid
paz023: no centroid
txz215: no centroid
txz216: no centroid
vaz052: no centroid
waz520: no centroid
